<?xml version="1.0" encoding="UTF-8" standalone="no"?>
<testsuite errors="0" failures="0" name="io.cucumber.core.plugin.JUnitFormatter" skipped="0" tests="3" time="22.934">
    <testcase classname="Login page feature" name="Login page title" time="7.09">
        <system-out>
            <![CDATA[Given user is on login page.................................................passed
When user gets the title of the page........................................passed
Then page title should be "Login - My Store"................................passed
]]>
        </system-out>
    </testcase>
    <testcase classname="Login page feature" name="Forgot Password link" time="6.32">
        <system-out>
            <![CDATA[Given user is on login page.................................................passed
Then forgot your password link should be displayed..........................passed
]]>
        </system-out>
    </testcase>
    <testcase classname="Login page feature" name="Login with correct credentials" time="9.086">
        <system-out>
            <![CDATA[Given user is on login page.................................................passed
When user enters username "Azgharsalar@gmail.com"...........................passed
And user enters password "salar@123"........................................passed
And user clicks on Login button.............................................passed
Then user gets the title of the page........................................passed
And page title should be "My account - My Store"............................passed
]]>
        </system-out>
    </testcase>
</testsuite>
